<?xml version="1.0" encoding="UTF-8"?>
<testng-results ignored="0" total="1" passed="1" failed="0" skipped="0">
  <reporter-output>
  </reporter-output>
  <suite started-at="2025-03-16T20:56:23 IST" name="Default suite" finished-at="2025-03-16T20:56:27 IST" duration-ms="3433">
    <groups>
      <group name="cucumber">
        <method signature="AbstractTestNGCucumberTests.runScenario(io.cucumber.testng.PickleWrapper,io.cucumber.testng.FeatureWrapper)[pri:0, instance:runner.TestNGRunner@304bb45b]" name="runScenario" class="io.cucumber.testng.AbstractTestNGCucumberTests"/>
      </group> <!-- cucumber -->
    </groups>
    <test started-at="2025-03-16T20:56:23 IST" name="Default test" finished-at="2025-03-16T20:56:27 IST" duration-ms="3433">
      <class name="runner.TestNGRunner">
        <test-method is-config="true" signature="initialize()[pri:0, instance:runner.TestNGRunner@304bb45b]" started-at="2025-03-16T20:56:23 IST" name="initialize" finished-at="2025-03-16T20:56:23 IST" duration-ms="13" status="PASS">
          <reporter-output>
          </reporter-output>
        </test-method> <!-- initialize -->
        <test-method is-config="true" signature="setUpClass(org.testng.ITestContext)[pri:0, instance:runner.TestNGRunner@304bb45b]" started-at="2025-03-16T20:56:23 IST" name="setUpClass" finished-at="2025-03-16T20:56:24 IST" duration-ms="395" status="PASS">
          <params>
            <param index="0">
              <value>
                <![CDATA[org.testng.TestRunner@c2df90e]]>
              </value>
            </param>
          </params>
          <reporter-output>
          </reporter-output>
        </test-method> <!-- setUpClass -->
        <test-method signature="runScenario(io.cucumber.testng.PickleWrapper,io.cucumber.testng.FeatureWrapper)[pri:0, instance:runner.TestNGRunner@304bb45b]" started-at="2025-03-16T20:56:24 IST" name="runScenario" description="Runs Cucumber Scenarios" data-provider="scenarios" finished-at="2025-03-16T20:56:26 IST" duration-ms="2459" status="PASS">
          <params>
            <param index="0">
              <value>
                <![CDATA["Pacs.008 Inward Payments Generation and Posting"]]>
              </value>
            </param>
            <param index="1">
              <value>
                <![CDATA["ISO Payments Generation"]]>
              </value>
            </param>
          </params>
          <reporter-output>
          </reporter-output>
        </test-method> <!-- runScenario -->
        <test-method is-config="true" signature="tearDownClass()[pri:0, instance:runner.TestNGRunner@304bb45b]" started-at="2025-03-16T20:56:26 IST" name="tearDownClass" finished-at="2025-03-16T20:56:27 IST" duration-ms="491" status="PASS">
          <reporter-output>
          </reporter-output>
        </test-method> <!-- tearDownClass -->
        <test-method is-config="true" signature="tearDown()[pri:0, instance:runner.TestNGRunner@304bb45b]" started-at="2025-03-16T20:56:27 IST" name="tearDown" finished-at="2025-03-16T20:56:30 IST" duration-ms="2959" status="PASS">
          <reporter-output>
          </reporter-output>
        </test-method> <!-- tearDown -->
      </class> <!-- runner.TestNGRunner -->
    </test> <!-- Default test -->
  </suite> <!-- Default suite -->
</testng-results>
